<?xml version="1.0" encoding="UTF-8"?>
<!-- Generated by org.testng.reporters.JUnitReportReporter -->
<testsuite hostname="LAPTOP-05E6DIDR" failures="0" tests="6" name="org.internship.testcases.LoginTest" time="8.001" errors="0" timestamp="2024-11-24T22:27:06 IST" skipped="0">
  <testcase classname="org.internship.testcases.LoginTest" name="posLogina" time="3.286"/>
  <testcase classname="org.internship.testcases.LoginTest" name="posLoginM" time="2.050"/>
  <testcase classname="org.internship.testcases.LoginTest" name="blank" time="0.726"/>
  <testcase classname="org.internship.testcases.LoginTest" name="neglogin" time="0.770"/>
  <testcase classname="org.internship.testcases.LoginTest" name="pass" time="0.520"/>
  <testcase classname="org.internship.testcases.LoginTest" name="email" time="0.649"/>
</testsuite> <!-- org.internship.testcases.LoginTest -->
