<?xml version="1.0" encoding="UTF-8"?>
<!-- Generated by org.testng.reporters.JUnitReportReporter -->
<testsuite hostname="LAPTOP-05E6DIDR" failures="0" tests="4" name="org.internship.testcases.HomeTest" time="0.236" errors="0" timestamp="2024-11-18T22:05:09 IST" skipped="0">
  <testcase classname="org.internship.testcases.HomeTest" name="joinusbtn" time="0.062"/>
  <testcase classname="org.internship.testcases.HomeTest" name="welmsg" time="0.047"/>
  <testcase classname="org.internship.testcases.HomeTest" name="verifyLoginButton" time="0.060"/>
  <testcase classname="org.internship.testcases.HomeTest" name="logo" time="0.067"/>
</testsuite> <!-- org.internship.testcases.HomeTest -->
