<?xml version="1.0" encoding="UTF-8"?>
<!-- Generated by org.testng.reporters.JUnitReportReporter -->
<testsuite hostname="LAPTOP-05E6DIDR" failures="0" tests="4" name="org.internship.testcases.HomeTest" time="0.360" errors="0" timestamp="2024-11-24T22:27:06 IST" skipped="0">
  <testcase classname="org.internship.testcases.HomeTest" name="verifyLoginButton" time="0.110"/>
  <testcase classname="org.internship.testcases.HomeTest" name="joinusbtn" time="0.106"/>
  <testcase classname="org.internship.testcases.HomeTest" name="logo" time="0.087"/>
  <testcase classname="org.internship.testcases.HomeTest" name="welmsg" time="0.057"/>
</testsuite> <!-- org.internship.testcases.HomeTest -->
