<?xml version="1.0" encoding="UTF-8"?>
<!-- Generated by org.testng.reporters.JUnitReportReporter -->
<testsuite hostname="DESKTOP-M0H7GKC" failures="0" tests="7" name="org.internship.testcases.MentorDashboardTest" time="0.145" errors="1" timestamp="2024-11-25T12:56:37 IST" skipped="6">
  <testcase classname="org.internship.testcases.MentorDashboardTest" name="setup" time="0.144">
    <error message="Keys to send should be a not null CharSequence" type="java.lang.IllegalArgumentException">
      <![CDATA[java.lang.IllegalArgumentException: Keys to send should be a not null CharSequence
at org.openqa.selenium.remote.RemoteWebElement.sendKeys(RemoteWebElement.java:96)
at org.internship.pages.LoginPage.setEmail(LoginPage.java:41)
at org.internship.testcases.MentorDashboardTest.setup(MentorDashboardTest.java:34)
at java.base/jdk.internal.reflect.DirectMethodHandleAccessor.invoke(DirectMethodHandleAccessor.java:104)
at java.base/java.lang.reflect.Method.invoke(Method.java:578)
at org.testng.internal.invokers.MethodInvocationHelper.invokeMethod(MethodInvocationHelper.java:141)
at org.testng.internal.invokers.MethodInvocationHelper.invokeMethodConsideringTimeout(MethodInvocationHelper.java:71)
at org.testng.internal.invokers.ConfigInvoker.invokeConfigurationMethod(ConfigInvoker.java:400)
at org.testng.internal.invokers.ConfigInvoker.invokeConfigurations(ConfigInvoker.java:333)
at org.testng.internal.invokers.TestMethodWorker.invokeBeforeClassMethods(TestMethodWorker.java:188)
at org.testng.internal.invokers.TestMethodWorker.run(TestMethodWorker.java:128)
at java.base/java.util.ArrayList.forEach(ArrayList.java:1511)
at org.testng.TestRunner.privateRun(TestRunner.java:739)
at org.testng.TestRunner.run(TestRunner.java:614)
at org.testng.SuiteRunner.runTest(SuiteRunner.java:421)
at org.testng.SuiteRunner.runSequentially(SuiteRunner.java:413)
at org.testng.SuiteRunner.privateRun(SuiteRunner.java:373)
at org.testng.SuiteRunner.run(SuiteRunner.java:312)
at org.testng.SuiteRunnerWorker.runSuite(SuiteRunnerWorker.java:52)
at org.testng.SuiteRunnerWorker.run(SuiteRunnerWorker.java:95)
at org.testng.TestNG.runSuitesSequentially(TestNG.java:1274)
at org.testng.TestNG.runSuitesLocally(TestNG.java:1208)
at org.testng.TestNG.runSuites(TestNG.java:1112)
at org.testng.TestNG.run(TestNG.java:1079)
at org.testng.remote.AbstractRemoteTestNG.run(AbstractRemoteTestNG.java:115)
at org.testng.remote.RemoteTestNG.initAndRun(RemoteTestNG.java:293)
at org.testng.remote.RemoteTestNG.main(RemoteTestNG.java:91)
]]>
    </error>
  </testcase> <!-- setup -->
  <testcase classname="org.internship.testcases.MentorDashboardTest" name="testAddProject" time="0.000">
    <skipped/>
  </testcase> <!-- testAddProject -->
  <testcase classname="org.internship.testcases.MentorDashboardTest" name="testLogoutAvailable" time="0.000">
    <skipped/>
  </testcase> <!-- testLogoutAvailable -->
  <testcase classname="org.internship.testcases.MentorDashboardTest" name="mentor" time="0.000">
    <skipped/>
  </testcase> <!-- mentor -->
  <testcase classname="org.internship.testcases.MentorDashboardTest" name="testEditandDeleteMentor" time="0.001">
    <skipped/>
  </testcase> <!-- testEditandDeleteMentor -->
  <testcase classname="org.internship.testcases.MentorDashboardTest" name="testdashboard" time="0.000">
    <skipped/>
  </testcase> <!-- testdashboard -->
  <testcase classname="org.internship.testcases.MentorDashboardTest" name="addmentor" time="0.000">
    <skipped/>
  </testcase> <!-- addmentor -->
</testsuite> <!-- org.internship.testcases.MentorDashboardTest -->
