<?xml version="1.0" encoding="UTF-8"?>
<!-- Generated by org.testng.reporters.JUnitReportReporter -->
<testsuite hostname="LAPTOP-05E6DIDR" failures="0" tests="1" name="org.internship.testcases.LoginTest" time="5.334" errors="0" timestamp="2024-11-19T05:25:33 IST" skipped="0">
  <testcase classname="org.internship.testcases.LoginTest" name="posLogin" time="5.334"/>
</testsuite> <!-- org.internship.testcases.LoginTest -->
