<?xml version="1.0" encoding="UTF-8"?>
<!-- Generated by org.testng.reporters.JUnitReportReporter -->
<testsuite hostname="LAPTOP-05E6DIDR" failures="0" tests="4" name="org.internship.testcases.AdminDashboardTest" time="1.269" errors="0" timestamp="2024-11-19T12:22:24 IST" skipped="0">
  <testcase classname="org.internship.testcases.AdminDashboardTest" name="dashboard" time="0.057"/>
  <testcase classname="org.internship.testcases.AdminDashboardTest" name="mentor" time="0.056"/>
  <testcase classname="org.internship.testcases.AdminDashboardTest" name="addproject" time="1.098"/>
  <testcase classname="org.internship.testcases.AdminDashboardTest" name="logout" time="0.058"/>
</testsuite> <!-- org.internship.testcases.AdminDashboardTest -->
